--- Startup times for process: Primary/TUI ---

times in msec
 clock   self+sourced   self:  sourced script
 clock   elapsed:              other lines

000.001  000.001: --- NVIM STARTING ---
000.195  000.194: event init
000.268  000.073: early init
000.440  000.171: locale set
000.496  000.056: init first window
000.736  000.240: inits 1
000.745  000.009: window checked
000.748  000.003: parsing arguments
001.136  000.022  000.022: require('vim.shared')
001.187  000.025  000.025: require('vim.inspect')
001.217  000.022  000.022: require('vim._options')
001.217  000.078  000.032: require('vim._editor')
001.218  000.120  000.020: require('vim._init_packages')
001.219  000.351: init lua interpreter
001.621  000.402: --- NVIM STARTED ---

--- Startup times for process: Embedded ---

times in msec
 clock   self+sourced   self:  sourced script
 clock   elapsed:              other lines

000.001  000.001: --- NVIM STARTING ---
000.173  000.172: event init
000.230  000.058: early init
000.389  000.159: locale set
000.437  000.047: init first window
000.623  000.187: inits 1
000.635  000.011: window checked
000.637  000.003: parsing arguments
001.042  000.031  000.031: require('vim.shared')
001.101  000.026  000.026: require('vim.inspect')
001.131  000.021  000.021: require('vim._options')
001.132  000.086  000.039: require('vim._editor')
001.133  000.156  000.039: require('vim._init_packages')
001.135  000.342: init lua interpreter
001.177  000.043: expanding arguments
001.188  000.010: inits 2
001.343  000.155: init highlight
001.343  000.001: waiting for UI
001.405  000.062: done waiting for UI
001.407  000.002: clear screen
001.456  000.006  000.006: require('vim.keymap')
002.481  000.777  000.777: require('vim.termcap')
002.643  000.113  000.113: require('vim.text')
002.705  001.297  000.401: require('vim._defaults')
002.707  000.003: init default mappings & autocommands
002.840  000.036  000.036: sourcing /home/gordonz/.local/bin/nvim-linux64/share/nvim/runtime/ftplugin.vim
002.965  000.014  000.014: sourcing /home/gordonz/.local/bin/nvim-linux64/share/nvim/runtime/indent.vim
003.362  000.266  000.266: require('telescope.builtin')
004.113  000.225  000.225: require('dap.utils')
004.156  000.792  000.568: require('dap')
004.663  000.159  000.159: require('nio.tasks')
004.808  000.143  000.143: require('nio.control')
005.191  000.382  000.382: require('nio.uv')
005.303  000.109  000.109: require('nio.tests')
005.517  000.136  000.136: require('vim.ui')
005.535  000.232  000.096: require('nio.ui')
005.754  000.132  000.132: require('nio.streams')
005.755  000.219  000.087: require('nio.file')
006.113  000.082  000.082: require('nio.util')
006.144  000.256  000.174: require('nio.logger')
006.151  000.395  000.139: require('nio.lsp')
006.276  000.124  000.124: require('nio.process')
006.285  001.919  000.156: require('nio')
007.085  000.123  000.123: require('dapui.config.highlights')
007.230  000.448  000.324: require('dapui.config')
007.236  000.696  000.248: require('dapui.util')
007.384  000.147  000.147: require('dapui.windows.layout')
007.386  001.100  000.257: require('dapui.windows')
007.511  000.124  000.124: require('dapui.controls')
007.514  003.357  000.214: require('dapui')
007.693  004.644  000.228: require('gordonyx.remap')
009.122  000.171  000.171: require('packer.util')
009.145  001.226  001.055: require('packer')
009.343  000.196  000.196: require('packer.log')
009.726  000.139  000.139: require('packer.async')
009.986  000.100  000.100: require('packer.result')
009.989  000.262  000.162: require('packer.jobs')
009.992  000.640  000.240: require('packer.plugin_utils')
010.179  000.181  000.181: require('packer.snapshot')
010.823  000.254  000.254: require('dapui.client.types')
010.829  000.420  000.166: require('dapui.client')
010.997  000.167  000.167: require('dap.breakpoints')
011.163  000.155  000.155: require('dapui.client.lib')
011.438  000.182  000.182: require('dapui.render.canvas')
011.439  000.270  000.087: require('dapui.elements.breakpoints')
011.618  000.161  000.161: require('dapui.components.breakpoints')
011.725  000.091  000.091: require('dapui.elements.repl')
011.808  000.081  000.081: require('dapui.elements.scopes')
011.926  000.102  000.102: require('dapui.components.scopes')
012.076  000.148  000.148: require('dapui.components.variables')
012.186  000.087  000.087: require('dapui.elements.stacks')
012.402  000.093  000.093: require('dapui.components.frames')
012.403  000.189  000.097: require('dapui.components.threads')
012.518  000.100  000.100: require('dapui.elements.watches')
012.728  000.180  000.180: require('dapui.components.watches')
012.836  000.100  000.100: require('dapui.elements.hover')
012.976  000.109  000.109: require('dapui.components.hover')
013.105  000.125  000.125: require('dapui.elements.console')
013.301  005.607  000.877: require('gordonyx.packer')
013.866  000.120  000.120: require('nvim-tree.log')
014.407  000.111  000.111: require('nvim-tree.notify')
014.411  000.227  000.116: require('nvim-tree.events')
014.811  000.096  000.096: require('nvim-tree.iterators.node-iterator')
014.830  000.418  000.321: require('nvim-tree.utils')
014.837  000.969  000.324: require('nvim-tree.view')
015.205  000.092  000.092: require('nvim-tree.core')
015.490  000.129  000.129: require('nvim-tree.git.utils')
015.576  000.085  000.085: require('nvim-tree.renderer.components.devicons')
015.783  000.097  000.097: require('nvim-tree.classic')
015.787  000.209  000.113: require('nvim-tree.node')
015.790  000.584  000.161: require('nvim-tree.node.directory')
015.792  000.798  000.123: require('nvim-tree.actions.finders.find-file')
015.914  000.121  000.121: require('nvim-tree.actions.finders.search-node')
015.915  000.996  000.077: require('nvim-tree.actions.finders')
016.298  000.168  000.168: require('nvim-tree.node.file')
016.300  000.301  000.133: require('nvim-tree.actions.fs.create-file')
016.586  000.147  000.147: require('nvim-tree.lib')
016.773  000.083  000.083: require('nvim-tree.node.link')
016.800  000.212  000.129: require('nvim-tree.node.directory-link')
016.802  000.501  000.142: require('nvim-tree.actions.fs.remove-file')
016.953  000.150  000.150: require('nvim-tree.actions.fs.rename-file')
017.097  000.142  000.142: require('nvim-tree.actions.fs.trash')
017.098  001.183  000.088: require('nvim-tree.actions.fs')
017.459  000.149  000.149: require('nvim-tree.diagnostics')
017.461  000.284  000.135: require('nvim-tree.actions.moves.item')
017.551  000.088  000.088: require('nvim-tree.actions.moves.parent')
017.643  000.091  000.091: require('nvim-tree.actions.moves.sibling')
017.644  000.544  000.082: require('nvim-tree.actions.moves')
017.827  000.105  000.105: require('nvim-tree.actions.node.file-popup')
018.064  000.236  000.236: require('nvim-tree.actions.node.open-file')
018.172  000.106  000.106: require('nvim-tree.actions.node.run-command')
018.290  000.117  000.117: require('nvim-tree.actions.node.system-open')
018.292  000.647  000.083: require('nvim-tree.actions.node')
018.497  000.120  000.120: require('nvim-tree.actions.root.change-dir')
018.584  000.086  000.086: require('nvim-tree.actions.root.dir-up')
018.585  000.293  000.086: require('nvim-tree.actions.root')
018.775  000.102  000.102: require('nvim-tree.actions.tree.find-file')
018.960  000.099  000.099: require('nvim-tree.actions.tree.modifiers.collapse-all')
019.077  000.116  000.116: require('nvim-tree.actions.tree.modifiers.expand-all')
019.078  000.302  000.087: require('nvim-tree.actions.tree.modifiers')
019.192  000.112  000.112: require('nvim-tree.actions.tree.open')
019.293  000.099  000.099: require('nvim-tree.actions.tree.toggle')
019.381  000.087  000.087: require('nvim-tree.actions.tree.resize')
019.382  000.796  000.093: require('nvim-tree.actions.tree')
019.383  004.545  000.086: require('nvim-tree.actions')
020.192  000.003  000.003: require('vim.F')
020.218  000.830  000.827: require('vim.diagnostic')
020.234  006.812  000.348: require('nvim-tree')
020.359  000.118  000.118: require('nvim-tree.legacy')
020.974  000.191  000.191: require('nvim-tree.keymap')
021.192  000.215  000.215: require('nvim-tree.appearance')
022.011  000.109  000.109: require('nvim-tree.buffers')
022.469  000.208  000.208: require('nvim-tree.git.runner')
022.758  000.287  000.287: require('nvim-tree.watcher')
022.771  000.757  000.262: require('nvim-tree.git')
023.072  000.168  000.168: require('nvim-tree.node.file-link')
023.075  000.303  000.135: require('nvim-tree.node.factory')
023.224  000.147  000.147: require('nvim-tree.node.root')
023.661  000.111  000.111: require('nvim-tree.enum')
023.689  000.463  000.352: require('nvim-tree.explorer.filters')
024.051  000.361  000.361: require('nvim-tree.marks')
024.250  000.197  000.197: require('nvim-tree.explorer.live-filter')
024.452  000.200  000.200: require('nvim-tree.explorer.sorter')
024.681  000.228  000.228: require('nvim-tree.actions.fs.clipboard')
025.273  000.125  000.125: require('nvim-tree.renderer.decorator')
025.276  000.221  000.096: require('nvim-tree.renderer.decorator.bookmarks')
025.360  000.083  000.083: require('nvim-tree.renderer.decorator.copied')
025.439  000.078  000.078: require('nvim-tree.renderer.decorator.cut')
025.543  000.102  000.102: require('nvim-tree.renderer.decorator.diagnostics')
025.725  000.181  000.181: require('nvim-tree.renderer.decorator.git')
025.819  000.092  000.092: require('nvim-tree.renderer.decorator.hidden')
025.904  000.084  000.084: require('nvim-tree.renderer.decorator.modified')
025.982  000.077  000.077: require('nvim-tree.renderer.decorator.opened')
026.070  000.087  000.087: require('nvim-tree.renderer.decorator.user')
026.196  000.125  000.125: require('nvim-tree.renderer.components.padding')
026.201  001.367  000.237: require('nvim-tree.renderer.builder')
026.204  001.500  000.133: require('nvim-tree.renderer')
026.209  004.674  000.408: require('nvim-tree.explorer')
026.316  000.106  000.106: require('nvim-tree.explorer.watch')
026.533  000.134  000.134: require('nvim-tree.renderer.components.full-name')
026.538  000.217  000.083: require('nvim-tree.renderer.components')
027.713  000.881  000.881: require('nvim-web-devicons.icons-default')
027.823  001.281  000.401: require('nvim-web-devicons')
030.006  000.199  000.199: require('nvim-tree.help')
030.432  000.122  000.122: require('nvim-tree.appearance.hi-test')
030.454  000.445  000.324: require('nvim-tree.api')
030.638  000.125  000.125: require('nvim-tree.commands')
030.714  017.410  003.025: require('gordonyx.set')
030.715  027.683  000.022: require('gordonyx')
030.717  027.694  000.011: sourcing /home/gordonz/.config/nvim/init.lua
030.722  000.271: sourcing vimrc file(s)
031.136  000.007  000.007: sourcing /home/gordonz/.local/share/nvim/site/pack/packer/start/vim-fugitive/ftdetect/fugitive.vim
031.178  000.277  000.270: sourcing /home/gordonz/.local/bin/nvim-linux64/share/nvim/runtime/filetype.lua
031.408  000.047  000.047: sourcing /home/gordonz/.local/bin/nvim-linux64/share/nvim/runtime/syntax/synload.vim
031.460  000.224  000.177: sourcing /home/gordonz/.local/bin/nvim-linux64/share/nvim/runtime/syntax/syntax.vim
033.082  000.851  000.851: require('Comment')
033.124  000.040  000.040: require('Comment.config')
033.566  000.154  000.154: require('Comment.ft')
033.572  000.319  000.165: require('Comment.utils')
033.664  000.091  000.091: require('Comment.opfunc')
033.724  000.058  000.058: require('Comment.extra')
033.728  000.549  000.080: require('Comment.api')
033.887  001.939  000.500: sourcing /home/gordonz/.config/nvim/plugin/packer_compiled.lua
034.223  000.093  000.093: sourcing /home/gordonz/.local/bin/nvim-linux64/share/nvim/runtime/plugin/gzip.vim
034.601  000.137  000.137: sourcing /home/gordonz/.local/bin/nvim-linux64/share/nvim/runtime/pack/dist/opt/matchit/plugin/matchit.vim
034.636  000.395  000.259: sourcing /home/gordonz/.local/bin/nvim-linux64/share/nvim/runtime/plugin/matchit.vim
034.730  000.078  000.078: sourcing /home/gordonz/.local/bin/nvim-linux64/share/nvim/runtime/plugin/matchparen.vim
034.755  000.008  000.008: sourcing /home/gordonz/.local/bin/nvim-linux64/share/nvim/runtime/plugin/netrwPlugin.vim
034.854  000.005  000.005: sourcing /home/gordonz/.local/share/nvim/rplugin.vim
034.858  000.086  000.081: sourcing /home/gordonz/.local/bin/nvim-linux64/share/nvim/runtime/plugin/rplugin.vim
034.908  000.036  000.036: sourcing /home/gordonz/.local/bin/nvim-linux64/share/nvim/runtime/plugin/shada.vim
034.945  000.011  000.011: sourcing /home/gordonz/.local/bin/nvim-linux64/share/nvim/runtime/plugin/spellfile.vim
035.021  000.052  000.052: sourcing /home/gordonz/.local/bin/nvim-linux64/share/nvim/runtime/plugin/tarPlugin.vim
035.049  000.010  000.010: sourcing /home/gordonz/.local/bin/nvim-linux64/share/nvim/runtime/plugin/tutor.vim
035.132  000.068  000.068: sourcing /home/gordonz/.local/bin/nvim-linux64/share/nvim/runtime/plugin/zipPlugin.vim
035.178  000.026  000.026: sourcing /home/gordonz/.local/bin/nvim-linux64/share/nvim/runtime/plugin/editorconfig.lua
035.234  000.039  000.039: sourcing /home/gordonz/.local/bin/nvim-linux64/share/nvim/runtime/plugin/man.lua
035.285  000.034  000.034: sourcing /home/gordonz/.local/bin/nvim-linux64/share/nvim/runtime/plugin/osc52.lua
035.323  000.022  000.022: sourcing /home/gordonz/.local/bin/nvim-linux64/share/nvim/runtime/plugin/tohtml.lua
035.334  001.214: loading rtp plugins
035.709  000.111  000.111: sourcing /home/gordonz/.local/share/nvim/site/pack/packer/start/Comment.nvim/plugin/Comment.lua
035.798  000.015  000.015: sourcing /home/gordonz/.local/share/nvim/site/pack/packer/start/LuaSnip/plugin/luasnip.vim
036.906  001.024  001.024: require('vim.filetype')
038.168  000.026  000.026: require('luasnip.util.types')
038.173  000.120  000.094: require('luasnip.util.ext_opts')
038.443  000.026  000.026: require('luasnip.util.lazy_table')
038.510  000.065  000.065: require('luasnip.extras.filetype_functions')
038.532  000.317  000.225: require('luasnip.default_config')
038.533  000.360  000.043: require('luasnip.session')
038.536  001.404  000.923: require('luasnip.config')
039.022  000.169  000.169: require('luasnip.util.util')
039.263  000.024  000.024: require('luasnip.nodes.key_indexer')
039.318  000.053  000.053: require('luasnip.util.feedkeys')
039.321  000.297  000.220: require('luasnip.nodes.util')
039.472  000.031  000.031: require('luasnip.session.snippet_collection.source')
039.500  000.027  000.027: require('luasnip.util.table')
039.536  000.035  000.035: require('luasnip.util.auto_table')
039.540  000.218  000.125: require('luasnip.session.snippet_collection')
039.769  000.069  000.069: require('luasnip.util.select')
039.796  000.025  000.025: require('luasnip.util.time')
040.118  000.505  000.411: require('luasnip.util._builtin_vars')
040.153  000.612  000.108: require('luasnip.util.environ')
040.200  000.046  000.046: require('luasnip.util.extend_decorator')
040.380  000.105  000.105: require('luasnip.util.path')
040.568  000.077  000.077: require('luasnip.util.log')
040.572  000.190  000.113: require('luasnip.loaders.util')
040.599  000.026  000.026: require('luasnip.loaders.data')
040.789  000.189  000.189: require('luasnip.loaders.fs_watchers')
040.792  000.590  000.080: require('luasnip.loaders')
040.801  002.262  000.330: require('luasnip')
040.814  004.997  000.308: sourcing /home/gordonz/.local/share/nvim/site/pack/packer/start/LuaSnip/plugin/luasnip.lua
041.010  000.016  000.016: sourcing /home/gordonz/.local/share/nvim/site/pack/packer/start/lsp-zero.nvim/plugin/lsp-zero.vim
041.357  000.162  000.162: require('cmp.utils.api')
041.501  000.073  000.073: require('cmp.types.cmp')
041.766  000.143  000.143: require('cmp.utils.misc')
041.816  000.313  000.170: require('cmp.types.lsp')
041.882  000.065  000.065: require('cmp.types.vim')
041.884  000.525  000.074: require('cmp.types')
041.961  000.076  000.076: require('cmp.utils.highlight')
042.112  000.068  000.068: require('cmp.utils.debug')
042.118  000.155  000.088: require('cmp.utils.autocmd')
042.291  001.148  000.229: sourcing /home/gordonz/.local/share/nvim/site/pack/packer/start/nvim-cmp/plugin/cmp.lua
042.440  000.068  000.068: sourcing /home/gordonz/.local/share/nvim/site/pack/packer/start/nvim-dap/plugin/dap.lua
043.258  000.012  000.012: require('vim.fs')
043.271  000.201  000.189: require('vim.lsp.log')
043.762  000.489  000.489: require('vim.lsp.protocol')
044.939  000.228  000.228: require('vim.lsp._snippet_grammar')
045.082  000.140  000.140: require('vim.highlight')
045.091  001.327  000.959: require('vim.lsp.util')
045.492  000.190  000.190: require('vim.lsp.sync')
045.495  000.402  000.212: require('vim.lsp._changetracking')
045.869  000.372  000.372: require('vim.lsp.rpc')
045.916  003.312  000.521: require('vim.lsp')
046.215  000.297  000.297: require('lspconfig.util')
046.232  003.704  000.094: sourcing /home/gordonz/.local/share/nvim/site/pack/packer/start/nvim-lspconfig/plugin/lspconfig.lua
047.048  000.155  000.155: require('nvim-treesitter.utils')
048.952  000.154  000.154: require('vim.treesitter.language')
049.085  000.104  000.104: require('vim.func')
049.210  000.121  000.121: require('vim.func._memoize')
049.223  000.906  000.527: require('vim.treesitter.query')
049.379  000.154  000.154: require('vim.treesitter._range')
049.390  001.461  000.400: require('vim.treesitter.languagetree')
049.395  001.672  000.212: require('vim.treesitter')
050.036  002.986  001.314: require('nvim-treesitter.parsers')
050.940  000.120  000.120: require('nvim-treesitter.compat')
051.408  000.289  000.289: require('nvim-treesitter.ts_utils')
051.413  000.470  000.181: require('nvim-treesitter.tsrange')
051.522  000.108  000.108: require('nvim-treesitter.caching')
051.535  000.989  000.290: require('nvim-treesitter.query')
051.554  001.329  000.340: require('nvim-treesitter.configs')
051.558  001.520  000.191: require('nvim-treesitter.info')
051.800  000.240  000.240: require('nvim-treesitter.shell_command_selectors')
051.825  005.366  000.464: require('nvim-treesitter.install')
051.932  000.106  000.106: require('nvim-treesitter.statusline')
052.084  000.151  000.151: require('nvim-treesitter.query_predicates')
052.086  005.726  000.104: require('nvim-treesitter')
052.329  005.994  000.268: sourcing /home/gordonz/.local/share/nvim/site/pack/packer/start/nvim-treesitter/plugin/nvim-treesitter.lua
052.434  000.027  000.027: sourcing /home/gordonz/.local/share/nvim/site/pack/packer/start/nvim-web-devicons/plugin/nvim-web-devicons.vim
052.536  000.020  000.020: sourcing /home/gordonz/.local/share/nvim/site/pack/packer/start/plenary.nvim/plugin/plenary.vim
052.811  000.208  000.208: sourcing /home/gordonz/.local/share/nvim/site/pack/packer/start/telescope.nvim/plugin/telescope.lua
052.967  000.091  000.091: sourcing /home/gordonz/.local/share/nvim/site/pack/packer/start/undotree/plugin/undotree.vim
053.201  000.056  000.056: sourcing /home/gordonz/.local/share/nvim/site/pack/packer/start/vim-cmake/autoload/cmake/const.vim
053.411  000.043  000.043: sourcing /home/gordonz/.local/share/nvim/site/pack/packer/start/vim-cmake/autoload/libs/logger.vim
053.559  000.025  000.025: sourcing /home/gordonz/.local/share/nvim/site/pack/packer/start/vim-cmake/autoload/libs/error.vim
053.683  000.652  000.528: sourcing /home/gordonz/.local/share/nvim/site/pack/packer/start/vim-cmake/plugin/cmake.vim
054.270  000.523  000.523: sourcing /home/gordonz/.local/share/nvim/site/pack/packer/start/vim-fugitive/plugin/fugitive.vim
054.356  001.449: loading packages
055.385  000.146  000.146: require('cmp.utils.char')
055.391  000.281  000.135: require('cmp.utils.str')
055.761  000.065  000.065: require('cmp.utils.buffer')
055.769  000.273  000.208: require('cmp.utils.keymap')
055.771  000.379  000.106: require('cmp.utils.feedkeys')
056.332  000.148  000.148: require('cmp.config.mapping')
056.410  000.077  000.077: require('cmp.utils.cache')
056.766  000.184  000.184: require('cmp.config.compare')
056.768  000.356  000.172: require('cmp.config.default')
056.783  000.766  000.186: require('cmp.config')
056.794  001.022  000.256: require('cmp.utils.async')
056.988  000.079  000.079: require('cmp.utils.pattern')
056.991  000.196  000.117: require('cmp.context')
057.848  000.305  000.305: require('cmp.utils.snippet')
058.012  000.163  000.163: require('cmp.matcher')
058.017  000.802  000.334: require('cmp.entry')
058.021  001.029  000.227: require('cmp.source')
058.302  000.075  000.075: require('cmp.utils.event')
058.696  000.062  000.062: require('cmp.utils.options')
058.700  000.264  000.202: require('cmp.utils.window')
058.702  000.398  000.134: require('cmp.view.docs_view')
059.022  000.320  000.320: require('cmp.view.custom_entries_view')
059.227  000.203  000.203: require('cmp.view.wildmenu_entries_view')
059.368  000.140  000.140: require('cmp.view.native_entries_view')
059.498  000.128  000.128: require('cmp.view.ghost_text_view')
059.505  001.483  000.219: require('cmp.view')
059.819  005.087  000.697: require('cmp.core')
059.972  000.080  000.080: require('cmp.config.sources')
060.135  000.162  000.162: require('cmp.config.window')
060.229  005.810  000.481: require('cmp')
060.736  000.043  000.043: require('cmp_buffer.timer')
060.743  000.301  000.258: require('cmp_buffer.buffer')
060.750  000.490  000.189: require('cmp_buffer.source')
060.752  000.521  000.031: require('cmp_buffer')
060.782  006.375  000.044: sourcing /home/gordonz/.local/share/nvim/site/pack/packer/start/cmp-buffer/after/plugin/cmp_buffer.lua
061.129  000.128  000.128: require('cmp_nvim_lsp.source')
061.131  000.273  000.146: require('cmp_nvim_lsp')
061.138  000.294  000.021: sourcing /home/gordonz/.local/share/nvim/site/pack/packer/start/cmp-nvim-lsp/after/plugin/cmp_nvim_lsp.lua
061.326  000.120  000.120: require('cmp_nvim_lua')
061.345  000.154  000.033: sourcing /home/gordonz/.local/share/nvim/site/pack/packer/start/cmp-nvim-lua/after/plugin/cmp_nvim_lua.lua
061.663  000.256  000.256: require('cmp_path')
061.690  000.292  000.037: sourcing /home/gordonz/.local/share/nvim/site/pack/packer/start/cmp-path/after/plugin/cmp_path.lua
062.050  000.240  000.240: require('cmp_luasnip')
062.119  000.360  000.119: sourcing /home/gordonz/.local/share/nvim/site/pack/packer/start/cmp_luasnip/after/plugin/cmp_luasnip.lua
062.430  000.086  000.086: require('material.util.config')
062.432  000.151  000.065: require('material')
063.270  000.110  000.110: require('material.colors')
063.397  000.062  000.062: require('material.highlights.plugins.gitsigns')
063.471  000.073  000.073: require('material.highlights.plugins.nvim-cmp')
063.534  000.061  000.061: require('material.highlights.plugins.telescope')
063.535  000.263  000.067: require('material.highlights.plugins')
063.627  000.091  000.091: require('material.functions')
063.689  000.062  000.062: require('material.colors.conditionals')
063.699  000.818  000.292: require('material.highlights')
063.701  000.936  000.118: require('material.util')
063.998  001.247  000.310: sourcing /home/gordonz/.local/share/nvim/site/pack/packer/start/material/colors/material.lua
064.809  002.568  001.171: sourcing /home/gordonz/.config/nvim/after/plugin/colors.lua
064.857  000.028  000.028: sourcing /home/gordonz/.config/nvim/after/plugin/fugitive.lua
065.778  000.177  000.177: require('plenary.bit')
065.888  000.108  000.108: require('plenary.functional')
065.902  000.009  000.009: require('ffi')
065.914  000.709  000.415: require('plenary.path')
066.374  000.101  000.101: require('plenary.compat')
066.380  000.396  000.296: require('plenary.job')
066.381  000.466  000.069: require('harpoon.utils')
066.707  000.270  000.270: require('plenary.log')
066.729  000.347  000.077: require('harpoon.dev')
066.810  001.740  000.219: require('harpoon')
066.816  001.927  000.187: require('harpoon.mark')
067.521  000.164  000.164: require('plenary.strings')
067.523  000.348  000.185: require('plenary.window.border')
067.616  000.092  000.092: require('plenary.window')
067.707  000.090  000.090: require('plenary.popup.utils')
067.709  000.752  000.222: require('plenary.popup')
067.712  000.895  000.143: require('harpoon.ui')
067.772  002.899  000.077: sourcing /home/gordonz/.config/nvim/after/plugin/harpoon.lua
068.113  000.064  000.064: require('lsp-zero.presets')
068.367  000.043  000.043: require('lsp-zero.settings')
068.371  000.256  000.213: require('lsp-zero.server')
068.375  000.523  000.203: require('lsp-zero')
068.579  000.111  000.111: require('lsp-zero.installer')
068.719  000.072  000.072: require('mason-core.path')
068.970  000.116  000.116: require('mason-core.functional')
069.123  000.053  000.053: require('mason-core.functional.data')
069.127  000.150  000.096: require('mason-core.functional.function')
069.194  000.060  000.060: require('mason-core.functional.relation')
069.261  000.064  000.064: require('mason-core.functional.logic')
069.313  000.593  000.203: require('mason-core.platform')
069.394  000.079  000.079: require('mason.settings')
069.396  000.814  000.070: require('mason')
069.640  000.133  000.133: require('mason-core.log')
069.689  000.047  000.047: require('mason-lspconfig.settings')
069.691  000.294  000.114: require('mason-lspconfig')
070.000  000.111  000.111: require('lsp-zero.nvim-cmp-setup')
070.506  000.092  000.092: require('lspconfig.async')
070.509  000.276  000.184: require('lspconfig.configs')
070.513  000.392  000.116: require('lspconfig')
070.598  000.083  000.083: require('lspconfig.configs.lua_ls')
086.815  000.165  000.165: require('lspconfig.manager')
086.898  000.079  000.079: require('lspconfig.configs.pylsp')
103.140  000.133  000.133: require('lspconfig.configs.pyright')
119.301  000.173  000.173: require('lspconfig.configs.clangd')
120.078  000.033  000.033: require('luasnip.session.enqueueable_operations')
120.859  000.029  000.029: require('luasnip.util.events')
120.865  000.233  000.204: require('luasnip.nodes.node')
121.000  000.133  000.133: require('luasnip.nodes.insertNode')
121.060  000.059  000.059: require('luasnip.nodes.textNode')
121.160  000.098  000.098: require('luasnip.util.mark')
121.227  000.065  000.065: require('luasnip.util.pattern_tokenizer')
121.269  000.040  000.040: require('luasnip.util.dict')
121.846  000.505  000.505: require('luasnip.util.jsregexp')
121.849  000.578  000.073: require('luasnip.nodes.util.trig_engines')
121.942  001.790  000.583: require('luasnip.nodes.snippet')
122.862  000.069  000.069: require('luasnip.util.parser.neovim_ast')
122.947  000.083  000.083: require('luasnip.util.str')
123.340  000.390  000.390: require('luasnip.util.jsregexp')
123.445  000.103  000.103: require('luasnip.util.directed_graph')
123.449  000.794  000.149: require('luasnip.util.parser.ast_utils')
123.607  000.157  000.157: require('luasnip.nodes.functionNode')
123.797  000.188  000.188: require('luasnip.nodes.choiceNode')
123.957  000.159  000.159: require('luasnip.nodes.dynamicNode')
124.002  000.043  000.043: require('luasnip.util.functions')
124.007  002.063  000.723: require('luasnip.util.parser.ast_parser')
124.209  000.201  000.201: require('luasnip.util.parser.neovim_parser')
124.216  004.135  000.081: require('luasnip.util.parser')
124.273  000.056  000.056: require('luasnip.nodes.snippetProxy')
124.469  000.194  000.194: require('luasnip.util.jsonc')
124.562  000.050  000.050: require('luasnip.nodes.duplicate')
124.564  000.092  000.041: require('luasnip.loaders.snippet_cache')
124.577  004.781  000.271: require('luasnip.loaders.from_vscode')
127.259  000.077  000.077: require('luasnip.nodes.multiSnippet')
128.291  008.844  003.986: require('lsp-zero.snippets')
128.765  000.470  000.470: require('vim.lsp.handlers')
131.265  000.163  000.163: require('mason-core.functional.list')
131.368  000.098  000.098: require('mason-core.functional.string')
131.388  000.491  000.230: require('mason.api.command')
131.546  000.153  000.153: require('mason-registry.sources')
131.816  000.046  000.046: require('mason-lspconfig.notify')
131.826  000.147  000.101: require('mason-lspconfig.lspconfig_hook')
132.052  000.094  000.094: require('mason-core.functional.table')
132.083  000.256  000.162: require('mason-lspconfig.mappings.server')
132.328  000.096  000.096: require('mason-core.EventEmitter')
132.447  000.118  000.118: require('mason-core.optional')
132.767  000.175  000.175: require('mason-core.async')
132.834  000.065  000.065: require('mason-core.async.uv')
132.843  000.393  000.153: require('mason-core.fs')
132.868  000.783  000.176: require('mason-registry')
132.944  000.066  000.066: require('mason-lspconfig.server_config_extensions')
133.094  000.148  000.148: require('lspconfig.configs.omnisharp')
133.592  000.072  000.072: require('mason-core.functional.number')
133.612  000.243  000.170: require('mason-lspconfig.api.command')
133.796  000.076  000.076: require('lsp-zero.utils')
133.800  000.186  000.110: require('lsp-zero.state')
134.216  000.092  000.092: require('lspconfig.configs.cmake')
136.371  000.091  000.091: require('mason-lspconfig.server_configurations.pylsp')
137.340  000.088  000.088: require('mason-lspconfig.ensure_installed')
137.675  000.144  000.144: require('mason-core.result')
138.127  000.226  000.226: require('mason-core.process')
138.327  000.198  000.198: require('mason-core.spawn')
138.333  000.512  000.089: require('mason-core.managers.powershell')
138.397  000.064  000.064: require('mason.version')
138.399  000.723  000.147: require('mason-core.fetch')
138.496  000.095  000.095: require('mason-core.providers')
139.070  000.256  000.256: require('mason-core.purl')
139.087  000.510  000.255: require('mason-core.package')
139.617  000.141  000.141: require('mason-core.installer.registry.expr')
139.629  000.362  000.221: require('mason-core.installer.registry.link')
140.526  000.140  000.140: require('mason-core.receipt')
140.548  000.415  000.276: require('mason-core.installer.context')
140.676  000.126  000.126: require('mason-core.async.control')
140.817  000.139  000.139: require('mason-core.installer.linker')
140.821  000.906  000.224: require('mason-core.installer')
140.840  001.110  000.204: require('mason-core.installer.managers.std')
140.842  001.212  000.103: require('mason-core.installer.registry.schemas')
140.946  000.102  000.102: require('mason-core.installer.registry.util')
140.956  001.868  000.191: require('mason-core.installer.registry')
140.958  002.461  000.083: require('mason-registry.sources.util')
140.968  003.618  000.195: require('mason-registry.sources.github')
143.856  076.065  057.510: sourcing /home/gordonz/.config/nvim/after/plugin/lsp.lua
143.892  000.010  000.010: sourcing /home/gordonz/.config/nvim/after/plugin/neodev.lua
143.912  000.006  000.006: sourcing /home/gordonz/.config/nvim/after/plugin/nvim-dap-ui.lua
144.200  000.120  000.120: require('telescope._extensions')
144.203  000.264  000.144: require('telescope')
144.670  000.098  000.098: require('telescope.deprecated')
145.133  000.119  000.119: require('telescope.log')
145.743  000.111  000.111: require('telescope.state')
145.763  000.628  000.516: require('telescope.utils')
145.769  001.097  000.350: require('telescope.sorters')
147.762  003.557  002.361: require('telescope.config')
149.091  005.167  001.346: sourcing /home/gordonz/.config/nvim/after/plugin/telescope.lua
151.096  000.133  000.133: require('nvim-treesitter.highlight')
151.100  001.987  001.853: sourcing /home/gordonz/.config/nvim/after/plugin/treesiter.lua
151.146  000.024  000.024: sourcing /home/gordonz/.config/nvim/after/plugin/undotree.lua
151.149  000.564: loading after plugins
151.158  000.009: inits 3
151.786  000.628: reading ShaDa
152.238  000.319  000.319: require('luasnip.loaders.from_lua')
152.671  000.430  000.430: require('luasnip.loaders.from_snipmate')
152.695  000.160: opening buffers
152.704  000.010: BufEnter autocommands
152.706  000.001: editing files in windows
153.560  000.341  000.341: require('dap.ui')
153.573  000.810  000.469: require('dap.repl')
153.587  000.071: --- NVIM STARTED ---

